2024-03-05 10:58:16,091 INFO  [Log] App opened 
2024-03-05 10:58:16,967 INFO  [Log] Login done 
2024-03-05 10:58:17,011 INFO  [Log] Logout done 
2024-03-05 10:58:18,260 INFO  [Log] App closed 
2024-03-05 10:58:22,247 INFO  [Log] App opened 
2024-03-05 10:58:23,931 INFO  [Log] Login done 
2024-03-05 10:58:23,958 INFO  [Log] Frame enter 
2024-03-05 10:58:26,985 INFO  [Log] Employee added 
2024-03-05 10:58:26,991 INFO  [Log] Frame exit 
2024-03-05 10:58:27,026 INFO  [Log] Logout done 
2024-03-05 10:58:28,165 INFO  [Log] App closed 
2024-03-05 10:59:12,015 INFO  [Log] App opened 
2024-03-05 10:59:12,998 INFO  [Log] Login done 
2024-03-05 10:59:13,061 INFO  [Log] Logout done 
2024-03-05 10:59:14,288 INFO  [Log] App closed 
2024-03-05 10:59:17,771 INFO  [Log] App opened 
2024-03-05 10:59:18,681 INFO  [Log] Login done 
2024-03-05 10:59:18,721 INFO  [Log] Frame enter 
2024-03-05 10:59:22,430 INFO  [Log] Employee added 
2024-03-05 10:59:22,442 INFO  [Log] Frame exit 
2024-03-05 10:59:22,478 INFO  [Log] Logout done 
2024-03-05 10:59:23,537 INFO  [Log] App closed 
2024-03-06 13:31:24,733 INFO  [Log] App opened 
2024-03-06 13:31:25,606 INFO  [Log] Login done 
2024-03-06 13:31:25,658 INFO  [Log] Logout done 
2024-03-06 13:31:26,923 INFO  [Log] App closed 
2024-03-06 13:31:30,830 INFO  [Log] App opened 
2024-03-06 13:31:31,597 INFO  [Log] Login done 
2024-03-06 13:31:31,650 INFO  [Log] Frame enter 
2024-03-06 13:31:33,624 INFO  [Log] Employee added 
2024-03-06 13:31:33,637 INFO  [Log] Frame exit 
2024-03-06 13:31:33,669 INFO  [Log] Logout done 
2024-03-06 13:31:34,897 INFO  [Log] App closed 
2024-03-06 14:19:26,228 INFO  [Log] App opened 
2024-03-06 14:19:27,045 INFO  [Log] Login done 
2024-03-06 14:19:27,103 INFO  [Log] Logout done 
2024-03-06 14:19:28,517 INFO  [Log] App closed 
2024-03-06 14:19:31,990 INFO  [Log] App opened 
2024-03-06 14:19:32,720 INFO  [Log] Login done 
2024-03-06 14:19:32,756 INFO  [Log] Frame enter 
2024-03-06 14:19:34,376 INFO  [Log] Employee added 
2024-03-06 14:19:34,386 INFO  [Log] Frame exit 
2024-03-06 14:19:34,420 INFO  [Log] Logout done 
2024-03-06 14:19:35,577 INFO  [Log] App closed 
2024-03-07 16:52:00,476 INFO  [Log] App opened 
2024-03-07 16:52:01,139 INFO  [Log] Login done 
2024-03-07 16:52:01,223 INFO  [Log] Frame enter 
2024-03-07 16:52:02,670 INFO  [Log] Employee added 
2024-03-07 16:52:02,680 INFO  [Log] Frame exit 
2024-03-07 16:52:02,718 INFO  [Log] Logout done 
2024-03-07 16:52:03,909 INFO  [Log] App closed 
2024-03-07 16:52:25,673 INFO  [Log] App opened 
2024-03-07 16:52:26,390 INFO  [Log] Login done 
2024-03-07 16:52:26,466 INFO  [Log] Logout done 
2024-03-07 16:52:27,780 INFO  [Log] App closed 
2024-03-07 16:52:31,201 INFO  [Log] App opened 
2024-03-07 16:52:31,922 INFO  [Log] Login done 
2024-03-07 16:52:31,984 INFO  [Log] Frame enter 
2024-03-07 16:52:34,051 INFO  [Log] Employee added 
2024-03-07 16:52:34,075 INFO  [Log] Frame exit 
2024-03-07 16:52:34,112 INFO  [Log] Logout done 
2024-03-07 16:52:35,313 INFO  [Log] App closed 
2024-03-07 17:09:19,417 INFO  [Log] App opened 
2024-03-07 17:09:20,148 INFO  [Log] Login done 
2024-03-07 17:09:20,211 INFO  [Log] Logout done 
2024-03-07 17:09:21,861 INFO  [Log] App closed 
2024-03-07 17:09:24,944 INFO  [Log] App opened 
2024-03-07 17:09:25,865 INFO  [Log] Login done 
2024-03-07 17:09:25,891 INFO  [Log] Frame enter 
2024-03-07 17:09:27,691 INFO  [Log] Employee added 
2024-03-07 17:09:27,699 INFO  [Log] Frame exit 
2024-03-07 17:09:27,728 INFO  [Log] Logout done 
2024-03-07 17:09:29,213 INFO  [Log] App closed 
